<?xml version="1.0" encoding="UTF-8"?>
<!-- Generated by org.testng.reporters.JUnitReportReporter -->
<testsuite hostname="LAPTOP-ICMKTLR3" failures="0" tests="1" name="com.envision.test.tests.DemoTest" time="26.603" errors="0" timestamp="29 May 2021 04:07:00 GMT">
  <testcase classname="com.envision.test.tests.DemoTest" name="doTest1" time="26.603"/>
</testsuite> <!-- com.envision.test.tests.DemoTest -->
