<?xml version="1.0" encoding="UTF-8"?>
<!-- Generated by org.testng.reporters.JUnitReportReporter -->
<testsuite hostname="LAPTOP-ICMKTLR3" failures="0" tests="1" name="com.envision.test.tests.a7test" time="51.318" errors="0" timestamp="29 May 2021 05:39:06 GMT">
  <testcase classname="com.envision.test.tests.a7test" name="doTest1" time="51.318"/>
</testsuite> <!-- com.envision.test.tests.a7test -->
